"../../../../../../Github/ProyectoUnreal/UnrealProject/Content/Geometry/Meshes/CubeMaterial.uasset" 0
"../../../../../../Github/ProyectoUnreal/UnrealProject/Content/Geometry/Meshes/1M_Cube_Chamfer.uasset" 1
"../../../../../../Github/ProyectoUnreal/UnrealProject/Content/Geometry/Meshes/TemplateFloor.uasset" 2
"../../../../../../Github/ProyectoUnreal/UnrealProject/Content/Mannequin/Character/Mesh/UE4_Mannequin_Skeleton.uasset" 3
"../../../../../../Github/ProyectoUnreal/UnrealProject/Content/Mannequin/Animations/ThirdPersonJump_End.uasset" 4
"../../../../../../Github/ProyectoUnreal/UnrealProject/Content/Mannequin/Animations/ThirdPerson_Jump.uasset" 5
"../../../../../../Github/ProyectoUnreal/UnrealProject/Content/Mannequin/Animations/ThirdPersonJump_Loop.uasset" 6
"../../../../../../Github/ProyectoUnreal/UnrealProject/Content/Mannequin/Animations/ThirdPersonJump_Start.uasset" 7
"../../../../../../Github/ProyectoUnreal/UnrealProject/Content/Mannequin/Animations/ThirdPersonIdle.uasset" 8
"../../../../../../Github/ProyectoUnreal/UnrealProject/Content/Mannequin/Animations/ThirdPersonRun.uasset" 9
"../../../../../../Github/ProyectoUnreal/UnrealProject/Content/Mannequin/Animations/ThirdPersonWalk.uasset" 10
"../../../../../../Github/ProyectoUnreal/UnrealProject/Content/Mannequin/Animations/ThirdPerson_IdleRun_2D.uasset" 11
"../../../Engine/Content/EditorBlueprintResources/StandardMacros.uasset" 12
"../../../../../../Github/ProyectoUnreal/UnrealProject/Content/Mannequin/Animations/ThirdPerson_AnimBP.uasset" 13
"../../../Engine/Content/Functions/Engine_MaterialFunctions02/Utility/BlendAngleCorrectedNormals.uasset" 14
"../../../Engine/Content/Functions/MaterialLayerFunctions/MatLayerBlend_NormalBlend.uasset" 15
"../../../Engine/Content/Functions/MaterialLayerFunctions/MatLayerBlend_Simple.uasset" 16
"../../../../../../Github/ProyectoUnreal/UnrealProject/Content/Mannequin/Character/Materials/MaterialLayers/T_ML_Rubber_Blue_01_D.uasset" 17
"../../../../../../Github/ProyectoUnreal/UnrealProject/Content/Mannequin/Character/Materials/MaterialLayers/T_ML_Rubber_Blue_01_N.uasset" 18
"../../../../../../Github/ProyectoUnreal/UnrealProject/Content/Mannequin/Character/Materials/MaterialLayers/ML_GlossyBlack_Latex_UE4.uasset" 19
"../../../../../../Github/ProyectoUnreal/UnrealProject/Content/Mannequin/Character/Materials/MaterialLayers/ML_Plastic_Shiny_Beige.uasset" 20
"../../../../../../Github/ProyectoUnreal/UnrealProject/Content/Mannequin/Character/Textures/UE4_LOGO_CARD.uasset" 21
"../../../../../../Github/ProyectoUnreal/UnrealProject/Content/Mannequin/Character/Materials/MaterialLayers/ML_Plastic_Shiny_Beige_LOGO.uasset" 22
"../../../../../../Github/ProyectoUnreal/UnrealProject/Content/Mannequin/Character/Materials/MaterialLayers/T_ML_Aluminum01.uasset" 23
"../../../../../../Github/ProyectoUnreal/UnrealProject/Content/Mannequin/Character/Materials/MaterialLayers/T_ML_Aluminum01_N.uasset" 24
"../../../../../../Github/ProyectoUnreal/UnrealProject/Content/Mannequin/Character/Materials/MaterialLayers/ML_SoftMetal_UE4.uasset" 25
"../../../../../../Github/ProyectoUnreal/UnrealProject/Content/Mannequin/Character/Textures/UE4_Mannequin__normals.uasset" 26
"../../../../../../Github/ProyectoUnreal/UnrealProject/Content/Mannequin/Character/Textures/UE4_Mannequin_MAT_MASKA.uasset" 27
"../../../../../../Github/ProyectoUnreal/UnrealProject/Content/Mannequin/Character/Materials/M_UE4Man_Body.uasset" 28
"../../../../../../Github/ProyectoUnreal/UnrealProject/Content/Mannequin/Character/Textures/UE4Man_Logo_N.uasset" 29
"../../../../../../Github/ProyectoUnreal/UnrealProject/Content/Mannequin/Character/Materials/M_UE4Man_ChestLogo.uasset" 30
"../../../../../../Github/ProyectoUnreal/UnrealProject/Content/Mannequin/Character/Mesh/SK_Mannequin_PhysicsAsset.uasset" 31
"../../../../../../Github/ProyectoUnreal/UnrealProject/Content/Mannequin/Character/Mesh/SK_Mannequin.uasset" 32
"../../../../../../Github/ProyectoUnreal/UnrealProject/Content/StarterContent/Materials/M_Basic_Wall.uasset" 33
"../../../../../../Github/ProyectoUnreal/UnrealProject/Content/StarterContent/Architecture/Pillar_50x500.uasset" 34
"../../../../../../Github/ProyectoUnreal/UnrealProject/Content/StarterContent/Architecture/Wall_400x300.uasset" 35
"../../../../../../Github/ProyectoUnreal/UnrealProject/Content/StarterContent/Architecture/Wall_400x400.uasset" 36
"../../../../../../Github/ProyectoUnreal/UnrealProject/Content/StarterContent/Architecture/Wall_500x500.uasset" 37
"../../../../../../Github/ProyectoUnreal/UnrealProject/Content/StarterContent/Architecture/Wall_Door_400x400.uasset" 38
"../../../../../../Github/ProyectoUnreal/UnrealProject/Content/StarterContent/Architecture/Wall_Window_400x400.uasset" 39
"../../../../../../Github/ProyectoUnreal/UnrealProject/Content/StarterContent/Audio/Collapse01.uasset" 40
"../../../../../../Github/ProyectoUnreal/UnrealProject/Content/StarterContent/Audio/Collapse02.uasset" 41
"../../../../../../Github/ProyectoUnreal/UnrealProject/Content/StarterContent/Audio/Explosion01.uasset" 42
"../../../../../../Github/ProyectoUnreal/UnrealProject/Content/StarterContent/Audio/Explosion02.uasset" 43
"../../../../../../Github/ProyectoUnreal/UnrealProject/Content/StarterContent/Audio/Fire01.uasset" 44
"../../../../../../Github/ProyectoUnreal/UnrealProject/Content/StarterContent/Audio/Fire_Sparks01.uasset" 45
"../../../../../../Github/ProyectoUnreal/UnrealProject/Content/StarterContent/Audio/Light01.uasset" 46
"../../../../../../Github/ProyectoUnreal/UnrealProject/Content/StarterContent/Audio/Light01_Cue.uasset" 47
"../../../../../../Github/ProyectoUnreal/UnrealProject/Content/StarterContent/Audio/Light02.uasset" 48
"../../../../../../Github/ProyectoUnreal/UnrealProject/Content/StarterContent/Audio/Light02_Cue.uasset" 49
"../../../../../../Github/ProyectoUnreal/UnrealProject/Content/StarterContent/Audio/Smoke01.uasset" 50
"../../../../../../Github/ProyectoUnreal/UnrealProject/Content/StarterContent/Audio/Starter_Birds01.uasset" 51
"../../../../../../Github/ProyectoUnreal/UnrealProject/Content/StarterContent/Audio/Starter_Music01.uasset" 52
"../../../../../../Github/ProyectoUnreal/UnrealProject/Content/StarterContent/Audio/Starter_Wind05.uasset" 53
"../../../../../../Github/ProyectoUnreal/UnrealProject/Content/StarterContent/Audio/Starter_Wind06.uasset" 54
"../../../../../../Github/ProyectoUnreal/UnrealProject/Content/StarterContent/Audio/Steam01.uasset" 55
"../../../../../../Github/ProyectoUnreal/UnrealProject/Content/StarterContent/Audio/Explosion_Cue.uasset" 56
"../../../../../../Github/ProyectoUnreal/UnrealProject/Content/StarterContent/Textures/T_Burst_M.uasset" 57
"../../../../../../Github/ProyectoUnreal/UnrealProject/Content/StarterContent/Particles/Materials/M_Burst.uasset" 58
"../../../../../../Github/ProyectoUnreal/UnrealProject/Content/StarterContent/Textures/T_Explosion_SubUV.uasset" 59
"../../../../../../Github/ProyectoUnreal/UnrealProject/Content/StarterContent/Particles/Materials/M_explosion_subUV.uasset" 60
"../../../../../../Github/ProyectoUnreal/UnrealProject/Content/StarterContent/Particles/Materials/m_flare_01.uasset" 61
"../../../Engine/Content/Functions/Engine_MaterialFunctions01/Gradient/RadialGradient.uasset" 62
"../../../../../../Github/ProyectoUnreal/UnrealProject/Content/StarterContent/Particles/Materials/M_radial_ramp.uasset" 63
"../../../../../../Github/ProyectoUnreal/UnrealProject/Content/StarterContent/Textures/T_Smoke_SubUV.uasset" 64
"../../../../../../Github/ProyectoUnreal/UnrealProject/Content/StarterContent/Textures/T_Smoke_Tiled_D.uasset" 65
"../../../../../../Github/ProyectoUnreal/UnrealProject/Content/StarterContent/Particles/Materials/M_smoke_subUV.uasset" 66
"../../../../../../Github/ProyectoUnreal/UnrealProject/Content/StarterContent/Particles/P_Explosion.uasset" 67
"../../../../../../Github/ProyectoUnreal/UnrealProject/Content/StarterContent/Blueprints/Blueprint_Effect_Explosion.uasset" 68
"../../../Engine/Content/EditorMeshes/ColorCalibrator/T_ColorGrid.uasset" 69
"../../../../../../Github/ProyectoUnreal/UnrealProject/Content/StarterContent/Materials/M_ColorGrid_LowSpec.uasset" 70
"../../../../../../Github/ProyectoUnreal/UnrealProject/Content/StarterContent/Textures/T_Bush_D.uasset" 71
"../../../../../../Github/ProyectoUnreal/UnrealProject/Content/StarterContent/Textures/T_Bush_N.uasset" 72
"../../../../../../Github/ProyectoUnreal/UnrealProject/Content/StarterContent/Props/Materials/M_Bush.uasset" 73
"../../../../../../Github/ProyectoUnreal/UnrealProject/Content/StarterContent/Props/SM_Bush.uasset" 74
"../../../../../../Github/ProyectoUnreal/UnrealProject/Content/StarterContent/Textures/T_Chair_M.uasset" 75
"../../../../../../Github/ProyectoUnreal/UnrealProject/Content/StarterContent/Textures/T_Chair_N.uasset" 76
"../../../../../../Github/ProyectoUnreal/UnrealProject/Content/StarterContent/Props/Materials/M_Chair.uasset" 77
"../../../../../../Github/ProyectoUnreal/UnrealProject/Content/StarterContent/Props/SM_Couch.uasset" 78
"../../../../../../Github/ProyectoUnreal/UnrealProject/Content/StarterContent/Materials/M_Glass.uasset" 79
"../../../../../../Github/ProyectoUnreal/UnrealProject/Content/StarterContent/Textures/T_Door_M.uasset" 80
"../../../../../../Github/ProyectoUnreal/UnrealProject/Content/StarterContent/Textures/T_Door_N.uasset" 81
"../../../../../../Github/ProyectoUnreal/UnrealProject/Content/StarterContent/Props/Materials/M_Door.uasset" 82
"../../../../../../Github/ProyectoUnreal/UnrealProject/Content/StarterContent/Props/SM_Door.uasset" 83
"../../../../../../Github/ProyectoUnreal/UnrealProject/Content/StarterContent/Props/Materials/M_MaterialSphere.uasset" 84
"../../../../../../Github/ProyectoUnreal/UnrealProject/Content/StarterContent/Props/Materials/M_MaterialSphere_Plain.uasset" 85
"../../../../../../Github/ProyectoUnreal/UnrealProject/Content/StarterContent/Props/SM_MatPreviewMesh_02.uasset" 86
"../../../../../../Github/ProyectoUnreal/UnrealProject/Content/StarterContent/Textures/T_Detail_Rocky_N.uasset" 87
"../../../../../../Github/ProyectoUnreal/UnrealProject/Content/StarterContent/Textures/T_Rock_Basalt_D.uasset" 88
"../../../../../../Github/ProyectoUnreal/UnrealProject/Content/StarterContent/Textures/T_RockMesh_M.uasset" 89
"../../../../../../Github/ProyectoUnreal/UnrealProject/Content/StarterContent/Textures/T_RockMesh_N.uasset" 90
"../../../../../../Github/ProyectoUnreal/UnrealProject/Content/StarterContent/Props/Materials/M_Rock.uasset" 91
"../../../../../../Github/ProyectoUnreal/UnrealProject/Content/StarterContent/Props/SM_Rock.uasset" 92
"../../../../../../Github/ProyectoUnreal/UnrealProject/Content/StarterContent/Textures/T_Shelf_M.uasset" 93
"../../../../../../Github/ProyectoUnreal/UnrealProject/Content/StarterContent/Textures/T_Shelf_N.uasset" 94
"../../../../../../Github/ProyectoUnreal/UnrealProject/Content/StarterContent/Props/Materials/M_Shelf.uasset" 95
"../../../../../../Github/ProyectoUnreal/UnrealProject/Content/StarterContent/Props/SM_Shelf.uasset" 96
"../../../../../../Github/ProyectoUnreal/UnrealProject/Content/StarterContent/Materials/M_Basic_Floor.uasset" 97
"../../../../../../Github/ProyectoUnreal/UnrealProject/Content/StarterContent/Props/SM_Stairs.uasset" 98
"../../../../../../Github/ProyectoUnreal/UnrealProject/Content/StarterContent/Shapes/Shape_Cone.uasset" 99
"../../../../../../Github/ProyectoUnreal/UnrealProject/Content/StarterContent/Shapes/Shape_Cylinder.uasset" 100
"../../../../../../Github/ProyectoUnreal/UnrealProject/Content/StarterContent/Shapes/Shape_NarrowCapsule.uasset" 101
"../../../../../../Github/ProyectoUnreal/UnrealProject/Content/StarterContent/Shapes/Shape_Pipe_180.uasset" 102
"../../../../../../Github/ProyectoUnreal/UnrealProject/Content/StarterContent/Shapes/Shape_Pipe_90.uasset" 103
"../../../../../../Github/ProyectoUnreal/UnrealProject/Content/StarterContent/Shapes/Shape_Plane.uasset" 104
"../../../../../../Github/ProyectoUnreal/UnrealProject/Content/StarterContent/Shapes/Shape_Torus.uasset" 105
"../../../../../../Github/ProyectoUnreal/UnrealProject/Content/StarterContent/Shapes/Shape_Trim.uasset" 106
"../../../../../../Github/ProyectoUnreal/UnrealProject/Content/StarterContent/Shapes/Shape_Trim_90_In.uasset" 107
"../../../../../../Github/ProyectoUnreal/UnrealProject/Content/StarterContent/Shapes/Shape_Trim_90_Out.uasset" 108
"../../../../../../Github/ProyectoUnreal/UnrealProject/Content/StarterContent/Shapes/Shape_TriPyramid.uasset" 109
"../../../../../../Github/ProyectoUnreal/UnrealProject/Content/StarterContent/Shapes/Shape_Tube.uasset" 110
"../../../../../../Github/ProyectoUnreal/UnrealProject/Content/StarterContent/Shapes/Shape_Wedge_A.uasset" 111
"../../../../../../Github/ProyectoUnreal/UnrealProject/Content/StarterContent/Shapes/Shape_Wedge_B.uasset" 112
"../../../../../../Github/ProyectoUnreal/UnrealProject/Content/StarterContent/Shapes/Shape_WideCapsule.uasset" 113
"../../../../../../Github/ProyectoUnreal/UnrealProject/Content/TopDownBP/TopDownOverview.uasset" 114
"../../../../../../Github/ProyectoUnreal/UnrealProject/Content/TopDownBP/Blueprints/Cube.uasset" 115
"../../../../../../Github/ProyectoUnreal/UnrealProject/Content/TopDownBP/Blueprints/InventoryLogic/I_Interact.uasset" 116
"../../../../../../Github/ProyectoUnreal/UnrealProject/Content/TopDownBP/Blueprints/InventoryLogic/Structs/ItemStruct.uasset" 117
"../../../../../../Github/ProyectoUnreal/UnrealProject/Content/TopDownBP/Blueprints/InventoryLogic/Structs/SlotStruct.uasset" 118
"../../../Engine/Content/EngineFonts/Faces/RobotoBold.uasset" 119
"../../../Engine/Content/EngineFonts/Faces/RobotoBoldItalic.uasset" 120
"../../../Engine/Content/EngineFonts/Faces/RobotoItalic.uasset" 121
"../../../Engine/Content/EngineFonts/Faces/RobotoLight.uasset" 122
"../../../Engine/Content/EngineFonts/Faces/RobotoRegular.uasset" 123
"../../../Engine/Content/EngineFonts/Roboto.uasset" 124
"../../../../../../Github/ProyectoUnreal/UnrealProject/Content/TopDownBP/Blueprints/InventoryLogic/UI/GameHUD.uasset" 125
"../../../../../../Github/ProyectoUnreal/UnrealProject/Content/TopDownBP/Blueprints/InventoryLogic/Selectable/Item.uasset" 126
"../../../../../../Github/ProyectoUnreal/UnrealProject/Content/TopDownBP/Blueprints/InventoryLogic/UI/Slot.uasset" 127
"../../../../../../Github/ProyectoUnreal/UnrealProject/Content/TopDownBP/Blueprints/InventoryLogic/UI/InventoryWindow.uasset" 128
"../../../../../../Github/ProyectoUnreal/UnrealProject/Content/TopDownBP/Blueprints/InventoryLogic/InventoryComponent.uasset" 129
"../../../../../../Github/ProyectoUnreal/UnrealProject/Content/TopDownBP/Blueprints/InventoryLogic/Builds/Build.uasset" 130
"../../../../../../Github/ProyectoUnreal/UnrealProject/Content/TopDownBP/Blueprints/Textures/fish.uasset" 131
"../../../../../../Github/ProyectoUnreal/UnrealProject/Content/TopDownBP/Blueprints/InventoryLogic/Selectable/Fish.uasset" 132
"../../../../../../Github/ProyectoUnreal/UnrealProject/Content/StarterContent/Shapes/Shape_Pipe.uasset" 133
"../../../../../../Github/ProyectoUnreal/UnrealProject/Content/TopDownBP/Blueprints/Textures/fishing-rod-texture.uasset" 134
"../../../../../../Github/ProyectoUnreal/UnrealProject/Content/TopDownBP/Blueprints/InventoryLogic/Selectable/FishingRod.uasset" 135
"../../../../../../Github/ProyectoUnreal/UnrealProject/Content/TopDownBP/Blueprints/Models/LowPoly_WinterScene/BranchTexture.uasset" 136
"../../../../../../Github/ProyectoUnreal/UnrealProject/Content/TopDownBP/Blueprints/Models/LowPoly_WinterScene/LowPolyTexture.uasset" 137
"../../../../../../Github/ProyectoUnreal/UnrealProject/Content/TopDownBP/Blueprints/Models/LowPoly_WinterScene/LowPoly_WinterScene_Dead_Branch_02_Snow.uasset" 138
"../../../../../../Github/ProyectoUnreal/UnrealProject/Content/TopDownBP/Blueprints/InventoryLogic/Builds/FishingPlace.uasset" 139
"../../../../../../Github/ProyectoUnreal/UnrealProject/Content/TopDownBP/Blueprints/Mats/IceMat/Rock_N_T.uasset" 140
"../../../../../../Github/ProyectoUnreal/UnrealProject/Content/TopDownBP/Blueprints/Mats/IceMat/Snow_N_T.uasset" 141
"../../../../../../Github/ProyectoUnreal/UnrealProject/Content/TopDownBP/Blueprints/Mats/IceMat/Ice.uasset" 142
"../../../../../../Github/ProyectoUnreal/UnrealProject/Content/Geometry/Meshes/1M_Cube.uasset" 143
"../../../../../../Github/ProyectoUnreal/UnrealProject/Content/TopDownBP/Blueprints/Textures/ice-texture.uasset" 144
"../../../../../../Github/ProyectoUnreal/UnrealProject/Content/TopDownBP/Blueprints/InventoryLogic/Selectable/Cube.uasset" 145
"../../../../../../Github/ProyectoUnreal/UnrealProject/Content/TopDownBP/Blueprints/Models/LowPoly_WinterScene/LowPoly_WinterScene_Dead_Branch_03.uasset" 146
"../../../../../../Github/ProyectoUnreal/UnrealProject/Content/TopDownBP/Blueprints/Textures/stick-texture.uasset" 147
"../../../../../../Github/ProyectoUnreal/UnrealProject/Content/TopDownBP/Blueprints/InventoryLogic/Selectable/Stick.uasset" 148
"../../../../../../Github/ProyectoUnreal/UnrealProject/Content/TopDownBP/Blueprints/Models/MyOwn/StringMat.uasset" 149
"../../../Engine/Content/Functions/Engine_MaterialFunctions01/Opacity/CameraDepthFade.uasset" 150
"../../../Engine/Content/EngineMaterials/T_Default_Material_Grid_M.uasset" 151
"../../../Engine/Content/EngineMaterials/T_Default_Material_Grid_N.uasset" 152
"../../../Engine/Content/EngineMaterials/WorldGridMaterial.uasset" 153
"../../../../../../Github/ProyectoUnreal/UnrealProject/Content/TopDownBP/Blueprints/Models/MyOwn/String.uasset" 154
"../../../../../../Github/ProyectoUnreal/UnrealProject/Content/TopDownBP/Blueprints/Textures/string-texture.uasset" 155
"../../../../../../Github/ProyectoUnreal/UnrealProject/Content/TopDownBP/Blueprints/InventoryLogic/Selectable/String.uasset" 156
"../../../../../../Github/ProyectoUnreal/UnrealProject/Content/TopDownBP/Blueprints/InventoryLogic/Materials/EBase.uasset" 157
"../../../../../../Github/ProyectoUnreal/UnrealProject/Content/TopDownBP/Blueprints/InventoryLogic/Materials/EBlue.uasset" 158
"../../../../../../Github/ProyectoUnreal/UnrealProject/Content/TopDownBP/Blueprints/Default/TopDownController.uasset" 159
"../../../../../../Github/ProyectoUnreal/UnrealProject/Content/TopDownBP/Blueprints/DialogueLogic/DialogueStruct.uasset" 160
"../../../../../../Github/ProyectoUnreal/UnrealProject/Content/TopDownBP/Blueprints/DialogueLogic/Dialogue.uasset" 161
"../../../../../../Github/ProyectoUnreal/UnrealProject/Content/TopDownBP/Blueprints/DialogueLogic/DialogueTrigger.uasset" 162
"../../../Engine/Content/Functions/Engine_MaterialFunctions01/Density/ExponentialDensity.uasset" 163
"../../../Engine/Content/Functions/Engine_MaterialFunctions01/Gradient/RadialGradientExponential.uasset" 164
"../../../../../../Github/ProyectoUnreal/UnrealProject/Content/TopDownBP/Blueprints/Mats/M_Cursor_Decal.uasset" 165
"../../../../../../Github/ProyectoUnreal/UnrealProject/Content/TopDownBP/Blueprints/Models/penguin/textures/DefaultMaterial_Base_Color.uasset" 166
"../../../../../../Github/ProyectoUnreal/UnrealProject/Content/TopDownBP/Blueprints/Models/penguin/textures/DefaultMaterial_Base_Color_Mat.uasset" 167
"../../../../../../Github/ProyectoUnreal/UnrealProject/Content/TopDownBP/Blueprints/Models/penguin/source/Material.uasset" 168
"../../../../../../Github/ProyectoUnreal/UnrealProject/Content/TopDownBP/Blueprints/Models/penguin/source/Penguin_SK_PhysicsAsset.uasset" 169
"../../../../../../Github/ProyectoUnreal/UnrealProject/Content/TopDownBP/Blueprints/Models/penguin/source/Penguin_SK_Skeleton.uasset" 170
"../../../../../../Github/ProyectoUnreal/UnrealProject/Content/TopDownBP/Blueprints/Models/penguin/source/Penguin_SK.uasset" 171
"../../../../../../Github/ProyectoUnreal/UnrealProject/Content/TopDownBP/Blueprints/Default/TopDownCharacter.uasset" 172
"../../../../../../Github/ProyectoUnreal/UnrealProject/Content/TopDownBP/Blueprints/TopDownCharacter.uasset" 173
"../../../../../../Github/ProyectoUnreal/UnrealProject/Content/TopDownBP/Blueprints/Default/TopDownGameMode.uasset" 174
"../../../../../../Github/ProyectoUnreal/UnrealProject/Content/TopDownBP/Blueprints/TopDownGameMode.uasset" 175
"../../../../../../Github/ProyectoUnreal/UnrealProject/Content/TopDownBP/Blueprints/Mats/White.uasset" 176
"../../../../../../Github/ProyectoUnreal/UnrealProject/Content/TopDownBP/Blueprints/White.uasset" 177
"../../../../../../Github/ProyectoUnreal/UnrealProject/Content/TopDownBP/Blueprints/InventoryLogic/Cube.uasset" 178
"../../../../../../Github/ProyectoUnreal/UnrealProject/Content/TopDownBP/Blueprints/Models/Bushes/Fbx/Material__25.uasset" 179
"../../../../../../Github/ProyectoUnreal/UnrealProject/Content/TopDownBP/Blueprints/Models/Bushes/Fbx/Bush_winter_004.uasset" 180
"../../../../../../Github/ProyectoUnreal/UnrealProject/Content/TopDownBP/Blueprints/InventoryLogic/Builds/FishingRodCraft.uasset" 181
"../../../../../../Github/ProyectoUnreal/UnrealProject/Content/TopDownBP/Blueprints/InventoryLogic/Builds/FishingRod.uasset" 182
"../../../../../../Github/ProyectoUnreal/UnrealProject/Content/TopDownBP/Blueprints/InventoryLogic/FishingRod.uasset" 183
"../../../Engine/Content/Functions/Engine_MaterialFunctions02/Utility/MakeFloat4.uasset" 184
"../../../../../../Github/ProyectoUnreal/UnrealProject/Content/TopDownBP/Blueprints/InventoryLogic/Materials/Highlight.uasset" 185
"../../../../../../Github/ProyectoUnreal/UnrealProject/Content/TopDownBP/Blueprints/InventoryLogic/Highlight.uasset" 186
"../../../../../../Github/ProyectoUnreal/UnrealProject/Content/TopDownBP/Blueprints/Models/MyOwn/Igloo.uasset" 187
"../../../../../../Github/ProyectoUnreal/UnrealProject/Content/TopDownBP/Blueprints/Models/wooden_sign_Diffuse.uasset" 188
"../../../../../../Github/ProyectoUnreal/UnrealProject/Content/TopDownBP/Blueprints/Models/wooden_sign_Glossiness.uasset" 189
"../../../../../../Github/ProyectoUnreal/UnrealProject/Content/TopDownBP/Blueprints/Models/wooden_sign_Normal.uasset" 190
"../../../../../../Github/ProyectoUnreal/UnrealProject/Content/TopDownBP/Blueprints/Models/wooden_sign1.uasset" 191
"../../../../../../Github/ProyectoUnreal/UnrealProject/Content/TopDownBP/Blueprints/Models/wooden_sign.uasset" 192
"../../../../../../Github/ProyectoUnreal/UnrealProject/Content/TopDownBP/Blueprints/InventoryLogic/Builds/Igloo.uasset" 193
"../../../../../../Github/ProyectoUnreal/UnrealProject/Content/TopDownBP/Blueprints/InventoryLogic/Builds/Iglu.uasset" 194
"../../../../../../Github/ProyectoUnreal/UnrealProject/Content/TopDownBP/Blueprints/InventoryLogic/Iglu.uasset" 195
"../../../../../../Github/ProyectoUnreal/UnrealProject/Content/TopDownBP/Blueprints/InventoryLogic/SelectableObject.uasset" 196
"../../../../../../Github/ProyectoUnreal/UnrealProject/Content/TopDownBP/Blueprints/InventoryLogic/SelectableObject_C.uasset" 197
"../../../../../../Github/ProyectoUnreal/UnrealProject/Content/TopDownBP/Blueprints/InventoryLogic/Stick.uasset" 198
"../../../../../../Github/ProyectoUnreal/UnrealProject/Content/TopDownBP/Blueprints/InventoryLogic/String.uasset" 199
"../../../../../../Github/ProyectoUnreal/UnrealProject/Content/TopDownBP/Blueprints/Models/Bushes/Fbx/Material__872.uasset" 200
"../../../../../../Github/ProyectoUnreal/UnrealProject/Content/TopDownBP/Blueprints/Models/Bushes/Fbx/Bush_winter_001.uasset" 201
"../../../../../../Github/ProyectoUnreal/UnrealProject/Content/TopDownBP/Blueprints/Models/Bushes/Fbx/Bush_winter_002.uasset" 202
"../../../../../../Github/ProyectoUnreal/UnrealProject/Content/TopDownBP/Blueprints/Models/Bushes/Fbx/Bush_winter_003.uasset" 203
"../../../../../../Github/ProyectoUnreal/UnrealProject/Content/TopDownBP/Blueprints/Models/Bushes/Fbx/Material__26.uasset" 204
"../../../../../../Github/ProyectoUnreal/UnrealProject/Content/TopDownBP/Blueprints/Models/Bushes/Fbx/Bush_winter_005.uasset" 205
"../../../../../../Github/ProyectoUnreal/UnrealProject/Content/TopDownBP/Blueprints/Models/Bushes/Fbx/Bush_winter_006.uasset" 206
"../../../../../../Github/ProyectoUnreal/UnrealProject/Content/TopDownBP/Blueprints/Models/Bushes/Fbx/Bush_winter_007.uasset" 207
"../../../../../../Github/ProyectoUnreal/UnrealProject/Content/TopDownBP/Blueprints/Models/Bushes/Fbx/Bush_winter_008.uasset" 208
"../../../../../../Github/ProyectoUnreal/UnrealProject/Content/TopDownBP/Blueprints/Models/Bushes/Fbx/Bush_winter_009.uasset" 209
"../../../../../../Github/ProyectoUnreal/UnrealProject/Content/TopDownBP/Blueprints/Models/Bushes/Fbx/Bush_winter_010.uasset" 210
"../../../../../../Github/ProyectoUnreal/UnrealProject/Content/TopDownBP/Blueprints/Models/Bushes/Fbx/Bush_winter_011.uasset" 211
"../../../../../../Github/ProyectoUnreal/UnrealProject/Content/TopDownBP/Blueprints/Models/Bushes/Fbx/Material__872_001.uasset" 212
"../../../../../../Github/ProyectoUnreal/UnrealProject/Content/TopDownBP/Blueprints/Models/Bushes/Fbx/Bush_winter_012.uasset" 213
"../../../../../../Github/ProyectoUnreal/UnrealProject/Content/TopDownBP/Blueprints/Models/Bushes/Fbx/Material__872_002.uasset" 214
"../../../../../../Github/ProyectoUnreal/UnrealProject/Content/TopDownBP/Blueprints/Models/Bushes/Fbx/Bush_winter_013.uasset" 215
"../../../../../../Github/ProyectoUnreal/UnrealProject/Content/TopDownBP/Blueprints/Models/Bushes/Fbx/Material__872_003.uasset" 216
"../../../../../../Github/ProyectoUnreal/UnrealProject/Content/TopDownBP/Blueprints/Models/Bushes/Fbx/Bush_winter_014.uasset" 217
"../../../../../../Github/ProyectoUnreal/UnrealProject/Content/TopDownBP/Blueprints/Models/Bushes/Fbx/Material__872_004.uasset" 218
"../../../../../../Github/ProyectoUnreal/UnrealProject/Content/TopDownBP/Blueprints/Models/Bushes/Fbx/Bush_winter_015.uasset" 219
"../../../../../../Github/ProyectoUnreal/UnrealProject/Content/TopDownBP/Blueprints/Models/Bushes/Fbx/TD_Checker.uasset" 220
"../../../../../../Github/ProyectoUnreal/UnrealProject/Content/TopDownBP/Blueprints/Models/Bushes/Fbx/Bush_winter_016.uasset" 221
"../../../../../../Github/ProyectoUnreal/UnrealProject/Content/TopDownBP/Blueprints/Models/Bushes/Fbx/Material__872_006.uasset" 222
"../../../../../../Github/ProyectoUnreal/UnrealProject/Content/TopDownBP/Blueprints/Models/Bushes/Fbx/Bush_winter_017.uasset" 223
"../../../../../../Github/ProyectoUnreal/UnrealProject/Content/TopDownBP/Blueprints/Models/Bushes/Fbx/Bush_winter_018.uasset" 224
"../../../../../../Github/ProyectoUnreal/UnrealProject/Content/TopDownBP/Blueprints/Models/Bushes/Fbx/Material__872_008.uasset" 225
"../../../../../../Github/ProyectoUnreal/UnrealProject/Content/TopDownBP/Blueprints/Models/Bushes/Fbx/Bush_winter_019.uasset" 226
"../../../../../../Github/ProyectoUnreal/UnrealProject/Content/TopDownBP/Blueprints/Models/Bushes/Fbx/Material__872_009.uasset" 227
"../../../../../../Github/ProyectoUnreal/UnrealProject/Content/TopDownBP/Blueprints/Models/Bushes/Fbx/Bush_winter_020.uasset" 228
"../../../../../../Github/ProyectoUnreal/UnrealProject/Content/TopDownBP/Blueprints/Models/LowPoly_WinterScene/LowPoly_WinterScene_Dead_Branch_01.uasset" 229
"../../../../../../Github/ProyectoUnreal/UnrealProject/Content/TopDownBP/Blueprints/Models/LowPoly_WinterScene/LowPoly_WinterScene_Dead_Branch_01_Snow.uasset" 230
"../../../../../../Github/ProyectoUnreal/UnrealProject/Content/TopDownBP/Blueprints/Models/LowPoly_WinterScene/LowPoly_WinterScene_Dead_Branch_02.uasset" 231
"../../../../../../Github/ProyectoUnreal/UnrealProject/Content/TopDownBP/Blueprints/Models/LowPoly_WinterScene/LowPoly_WinterScene_Dead_Branch_03_Snow.uasset" 232
"../../../../../../Github/ProyectoUnreal/UnrealProject/Content/TopDownBP/Blueprints/Models/LowPoly_WinterScene/LowPoly_WinterScene_Dead_Branch_04_Snow.uasset" 233
"../../../../../../Github/ProyectoUnreal/UnrealProject/Content/TopDownBP/Blueprints/Models/LowPoly_WinterScene/LowPoly_WinterScene_Dead_Tree_01.uasset" 234
"../../../../../../Github/ProyectoUnreal/UnrealProject/Content/TopDownBP/Blueprints/Models/LowPoly_WinterScene/LowPoly_WinterScene_Dead_Tree_01_Snow.uasset" 235
"../../../../../../Github/ProyectoUnreal/UnrealProject/Content/TopDownBP/Blueprints/Models/LowPoly_WinterScene/LowPoly_WinterScene_Dead_Tree_02.uasset" 236
"../../../../../../Github/ProyectoUnreal/UnrealProject/Content/TopDownBP/Blueprints/Models/LowPoly_WinterScene/LowPoly_WinterScene_Dead_Tree_02_Snow.uasset" 237
"../../../../../../Github/ProyectoUnreal/UnrealProject/Content/TopDownBP/Blueprints/Models/LowPoly_WinterScene/LowPoly_WinterScene_Grass_01.uasset" 238
"../../../../../../Github/ProyectoUnreal/UnrealProject/Content/TopDownBP/Blueprints/Models/LowPoly_WinterScene/LowPoly_WinterScene_Grass_02.uasset" 239
"../../../../../../Github/ProyectoUnreal/UnrealProject/Content/TopDownBP/Blueprints/Models/LowPoly_WinterScene/LowPoly_WinterScene_Grass_03.uasset" 240
"../../../../../../Github/ProyectoUnreal/UnrealProject/Content/TopDownBP/Blueprints/Models/LowPoly_WinterScene/LowPoly_WinterScene_Grass_04.uasset" 241
"../../../../../../Github/ProyectoUnreal/UnrealProject/Content/TopDownBP/Blueprints/Models/LowPoly_WinterScene/LowPoly_WinterScene_Grass_05.uasset" 242
"../../../../../../Github/ProyectoUnreal/UnrealProject/Content/TopDownBP/Blueprints/Models/LowPoly_WinterScene/LowPoly_WinterScene_PineTree_01.uasset" 243
"../../../../../../Github/ProyectoUnreal/UnrealProject/Content/TopDownBP/Blueprints/Models/LowPoly_WinterScene/LowPoly_WinterScene_PineTree_01_Snow.uasset" 244
"../../../../../../Github/ProyectoUnreal/UnrealProject/Content/TopDownBP/Blueprints/Models/LowPoly_WinterScene/LowPoly_WinterScene_PineTree_02.uasset" 245
"../../../../../../Github/ProyectoUnreal/UnrealProject/Content/TopDownBP/Blueprints/Models/LowPoly_WinterScene/LowPoly_WinterScene_PineTree_02_Snow.uasset" 246
"../../../../../../Github/ProyectoUnreal/UnrealProject/Content/TopDownBP/Blueprints/Models/LowPoly_WinterScene/LowPoly_WinterScene_PineTree_03.uasset" 247
"../../../../../../Github/ProyectoUnreal/UnrealProject/Content/TopDownBP/Blueprints/Models/LowPoly_WinterScene/LowPoly_WinterScene_PineTree_03_001.uasset" 248
"../../../../../../Github/ProyectoUnreal/UnrealProject/Content/TopDownBP/Blueprints/Models/LowPoly_WinterScene/LowPoly_WinterScene_PineTree_04.uasset" 249
"../../../../../../Github/ProyectoUnreal/UnrealProject/Content/TopDownBP/Blueprints/Models/LowPoly_WinterScene/LowPoly_WinterScene_PineTree_04_Snow.uasset" 250
"../../../../../../Github/ProyectoUnreal/UnrealProject/Content/TopDownBP/Blueprints/Models/LowPoly_WinterScene/LowPoly_WinterScene_PineTree_05.uasset" 251
"../../../../../../Github/ProyectoUnreal/UnrealProject/Content/TopDownBP/Blueprints/Models/LowPoly_WinterScene/LowPoly_WinterScene_PineTree_05_Snow.uasset" 252
"../../../../../../Github/ProyectoUnreal/UnrealProject/Content/TopDownBP/Blueprints/Models/LowPoly_WinterScene/LowPoly_WinterScene_Rock_01_Snow.uasset" 253
"../../../../../../Github/ProyectoUnreal/UnrealProject/Content/TopDownBP/Blueprints/Models/LowPoly_WinterScene/LowPoly_WinterScene_Rock_02_Snow.uasset" 254
"../../../../../../Github/ProyectoUnreal/UnrealProject/Content/TopDownBP/Blueprints/Models/LowPoly_WinterScene/LowPoly_WinterScene_Rock_03_Snow.uasset" 255
"../../../../../../Github/ProyectoUnreal/UnrealProject/Content/TopDownBP/Blueprints/Models/LowPoly_WinterScene/LowPoly_WinterScene_Rock_04_Snow.uasset" 256
"../../../../../../Github/ProyectoUnreal/UnrealProject/Content/TopDownBP/Blueprints/Models/LowPoly_WinterScene/LowPoly_WinterScene_Rock_05.uasset" 257
"../../../../../../Github/ProyectoUnreal/UnrealProject/Content/TopDownBP/Blueprints/Models/LowPoly_WinterScene/LowPoly_WinterScene_Rock_05_Snow.uasset" 258
"../../../../../../Github/ProyectoUnreal/UnrealProject/Content/TopDownBP/Blueprints/Models/LowPoly_WinterScene/LowPoly_WinterScene_Rock_06_Snow.uasset" 259
"../../../../../../Github/ProyectoUnreal/UnrealProject/Content/TopDownBP/Blueprints/Models/LowPoly_WinterScene/LowPoly_WinterScene_Rock_07_Snow.uasset" 260
"../../../../../../Github/ProyectoUnreal/UnrealProject/Content/TopDownBP/Blueprints/Models/LowPoly_WinterScene/Texture.uasset" 261
"../../../../../../Github/ProyectoUnreal/UnrealProject/Content/TopDownBP/Blueprints/Models/penguin/textures/DefaultMaterial_Mixed_AO.uasset" 262
"../../../../../../Github/ProyectoUnreal/UnrealProject/Content/TopDownBP/Blueprints/Models/penguin/textures/DefaultMaterial_Normal_OpenGL.uasset" 263
"../../../../../../Github/ProyectoUnreal/UnrealProject/Content/TopDownBP/Blueprints/Models/penguin/textures/DefaultMaterial_Opacity.uasset" 264
"../../../../../../Github/ProyectoUnreal/UnrealProject/Content/TopDownBP/Blueprints/Models/penguin/textures/DefaultMaterial_Roughness.uasset" 265
"../../../../../../Github/ProyectoUnreal/UnrealProject/Content/TopDownBP/Blueprints/Models/penguin/textures/DefaultMaterial_Roughness_Mat.uasset" 266
"../../../../../../Github/ProyectoUnreal/UnrealProject/Content/TopDownBP/Blueprints/Models/Sample/T_Glacier_Cap_N.uasset" 267
"../../../../../../Github/ProyectoUnreal/UnrealProject/Content/TopDownBP/Blueprints/Textures/Ice_pack/1.uasset" 268
"../../../../../../Github/ProyectoUnreal/UnrealProject/Content/TopDownBP/Blueprints/Textures/Ice_pack/10.uasset" 269
"../../../../../../Github/ProyectoUnreal/UnrealProject/Content/TopDownBP/Blueprints/Textures/Ice_pack/11.uasset" 270
"../../../../../../Github/ProyectoUnreal/UnrealProject/Content/TopDownBP/Blueprints/Textures/Ice_pack/12.uasset" 271
"../../../../../../Github/ProyectoUnreal/UnrealProject/Content/TopDownBP/Blueprints/Textures/Ice_pack/15.uasset" 272
"../../../../../../Github/ProyectoUnreal/UnrealProject/Content/TopDownBP/Blueprints/Textures/Ice_pack/16.uasset" 273
"../../../../../../Github/ProyectoUnreal/UnrealProject/Content/TopDownBP/Blueprints/Textures/Ice_pack/17.uasset" 274
"../../../../../../Github/ProyectoUnreal/UnrealProject/Content/TopDownBP/Blueprints/Textures/Ice_pack/2.uasset" 275
"../../../../../../Github/ProyectoUnreal/UnrealProject/Content/TopDownBP/Blueprints/Textures/Ice_pack/3.uasset" 276
"../../../../../../Github/ProyectoUnreal/UnrealProject/Content/TopDownBP/Blueprints/Textures/Ice_pack/7.uasset" 277
"../../../../../../Github/ProyectoUnreal/UnrealProject/Content/TopDownBP/Blueprints/Textures/Ice_pack/8.uasset" 278
"../../../../../../Github/ProyectoUnreal/UnrealProject/Content/TopDownBP/Blueprints/Textures/Ice_pack/9.uasset" 279
"../../../../../../Github/ProyectoUnreal/UnrealProject/Content/TopDownBP/Blueprints/Textures/Ice_pack/ice_pack.uasset" 280
"../../../../../../Github/ProyectoUnreal/UnrealProject/Content/TopDownBP/Blueprints/Textures/Ice_pack/ice_pack_B.uasset" 281
"../../../../../../Github/ProyectoUnreal/UnrealProject/Content/TopDownBP/Blueprints/Textures/Ice_pack/ice_pack_B2.uasset" 282
"../../../../../../Github/ProyectoUnreal/UnrealProject/Content/TopDownBP/Maps/TopDownExampleMap_BuiltData.uasset" 283
"../../../Engine/Content/Animation/DefaultAnimCurveCompressionSettings.uasset" 284
"../../../Engine/Content/ArtTools/RenderToTexture/Meshes/S_1_Unit_Plane.uasset" 285
"../../../Engine/Content/EngineMaterials/DefaultMaterial.uasset" 286
"../../../Engine/Content/BasicShapes/Cone.uasset" 287
"../../../Engine/Content/BasicShapes/Cube.uasset" 288
"../../../Engine/Content/BasicShapes/Cylinder.uasset" 289
"../../../Engine/Content/BasicShapes/Sphere.uasset" 290
"../../../Engine/Content/EditorLandscapeResources/DataLayer.uasset" 291
"../../../Engine/Content/EditorMaterials/GizmoMaterial.uasset" 292
"../../../Engine/Content/EditorMaterials/MAT_Groups_Toggle.uasset" 293
"../../../Engine/Content/EditorMaterials/MAT_Groups_Visibility.uasset" 294
"../../../Engine/Content/EditorMaterials/PreviewShadowIndicator.uasset" 295
"../../../Engine/Content/EditorMaterials/PreviewShadowIndicatorMaterial.uasset" 296
"../../../Engine/Content/EditorMaterials/MatineeGroups/MAT_ColorTrack.uasset" 297
"../../../Engine/Content/EditorMaterials/MatineeGroups/MAT_Groups_Anim.uasset" 298
"../../../Engine/Content/EditorMaterials/MatineeGroups/MAT_Groups_AudioMaster.uasset" 299
"../../../Engine/Content/EditorMaterials/MatineeGroups/MAT_Groups_Director.uasset" 300
"../../../Engine/Content/EditorMaterials/MatineeGroups/MAT_Groups_Event.uasset" 301
"../../../Engine/Content/EditorMaterials/MatineeGroups/MAT_Groups_Fade.uasset" 302
"../../../Engine/Content/EditorMaterials/MatineeGroups/MAT_Groups_Float.uasset" 303
"../../../Engine/Content/EditorMaterials/MatineeGroups/MAT_Groups_Move.uasset" 304
"../../../Engine/Content/EditorMaterials/MatineeGroups/MAT_Groups_Slomo.uasset" 305
"../../../Engine/Content/EditorMaterials/MatineeGroups/MAT_Groups_Sound.uasset" 306
"../../../Engine/Content/EditorMaterials/MatineeGroups/MAT_Groups_Vector.uasset" 307
"../../../Engine/Content/EditorMaterials/ParticleSystems/PSysThumbnail_NoImage.uasset" 308
"../../../Engine/Content/EditorMaterials/ParticleSystems/PSysThumbnail_OOD.uasset" 309
"../../../Engine/Content/EditorMaterials/Camera/CineMat.uasset" 310
"../../../Engine/Content/EditorMaterials/Camera/MI_CineMat_Rig.uasset" 311
"../../../Engine/Content/EditorMeshes/Camera/SM_CraneRig_Arm.uasset" 312
"../../../Engine/Content/EditorMeshes/Camera/SM_CraneRig_Base.uasset" 313
"../../../Engine/Content/EditorMeshes/Camera/SM_CraneRig_Body.uasset" 314
"../../../Engine/Content/EditorMeshes/Camera/SM_CraneRig_Mount.uasset" 315
"../../../Engine/Content/EditorMeshes/Camera/SM_RailRig_Mount.uasset" 316
"../../../Engine/Content/EditorMeshes/Camera/SM_RailRig_Track.uasset" 317
"../../../Engine/Content/EditorResources/BSPVertex.uasset" 318
"../../../Engine/Content/EditorResources/EmptyActor.uasset" 319
"../../../Engine/Content/EditorResources/S_Actor.uasset" 320
"../../../Engine/Content/EditorResources/S_Note.uasset" 321
"../../../Engine/Content/EditorResources/S_Trigger.uasset" 322
"../../../Engine/Content/EditorResources/AudioIcons/S_AudioComponent.uasset" 323
"../../../Engine/Content/EditorResources/AudioIcons/S_AudioComponent_AutoActivate.uasset" 324
"../../../Engine/Content/EditorResources/LightIcons/S_LightError.uasset" 325
"../../../Engine/Content/EditorResources/SequenceRecorder/Countdown.uasset" 326
"../../../Engine/Content/EditorResources/SequenceRecorder/RecordingIndicator.uasset" 327
"../../../Engine/Content/EditorSounds/Notifications/CompileFailed.uasset" 328
"../../../Engine/Content/EditorSounds/Notifications/CompileFailed_Cue.uasset" 329
"../../../Engine/Content/EditorSounds/Notifications/CompileSuccess.uasset" 330
"../../../Engine/Content/EditorSounds/Notifications/CompileStart_Cue.uasset" 331
"../../../Engine/Content/EditorSounds/Notifications/CompileSuccess_Cue.uasset" 332
"../../../Engine/Content/EngineDamageTypes/DmgTypeBP_Environmental.uasset" 333
"../../../Engine/Content/EngineDebugMaterials/HeatmapGradient.uasset" 334
"../../../Engine/Content/EngineDebugMaterials/BoneWeightMaterial.uasset" 335
"../../../Engine/Content/EngineDebugMaterials/ClothMaterial.uasset" 336
"../../../Engine/Content/EngineDebugMaterials/ClothMaterial_WF.uasset" 337
"../../../Engine/Content/EngineDebugMaterials/DebugEditorMaterial.uasset" 338
"../../../Engine/Content/EngineDebugMaterials/DebugMeshMaterial.uasset" 339
"../../../Engine/Content/EngineDebugMaterials/GeomMaterial.uasset" 340
"../../../Engine/Content/EngineDebugMaterials/M_SimpleTranslucent.uasset" 341
"../../../Engine/Content/EngineFonts/Faces/RobotoTiny.uasset" 342
"../../../Engine/Content/EngineFonts/RobotoTiny.uasset" 343
"../../../Engine/Content/EngineMaterials/BaseFlattenDiffuseMap.uasset" 344
"../../../Engine/Content/EngineMaterials/BaseFlattenEmissiveMap.uasset" 345
"../../../Engine/Content/EngineMaterials/BaseFlattenGrayscaleMap.uasset" 346
"../../../Engine/Content/EngineMaterials/BaseFlattenNormalMap.uasset" 347
"../../../Engine/Content/EngineMaterials/BaseFlattenMaterial.uasset" 348
"../../../Engine/Content/EngineMaterials/DefaultBloomKernel.uasset" 349
"../../../Engine/Content/EngineMaterials/DefaultBokeh.uasset" 350
"../../../Engine/Content/EngineMaterials/DefaultDiffuse.uasset" 351
"../../../Engine/Content/EngineMaterials/DefaultDeferredDecalMaterial.uasset" 352
"../../../Engine/Content/EngineMaterials/DefaultLightFunctionMaterial.uasset" 353
"../../../Engine/Content/EngineMaterials/DefaultPhysicalMaterial.uasset" 354
"../../../Engine/Content/Functions/Engine_MaterialFunctions02/Utility/BreakOutFloat2Components.uasset" 355
"../../../Engine/Content/EngineMaterials/DefaultPostProcessMaterial.uasset" 356
"../../../Engine/Content/EngineFonts/RobotoDistanceField.uasset" 357
"../../../Engine/Content/EngineMaterials/DefaultTextMaterialOpaque.uasset" 358
"../../../Engine/Content/EngineMaterials/DefaultWhiteGrid.uasset" 359
"../../../Engine/Content/EngineMaterials/EditorBrushMaterial.uasset" 360
"../../../Engine/Content/EngineMaterials/Good64x64TilingNoiseHighFreq.uasset" 361
"../../../Engine/Content/EngineMaterials/MiniFont.uasset" 362
"../../../Engine/Content/EngineMaterials/InvalidLightmapSettings.uasset" 363
"../../../Engine/Content/EngineMaterials/M_InvalidLightmapSettings.uasset" 364
"../../../Engine/Content/Functions/Engine_MaterialFunctions02/WorldPositionOffset/CameraOffset.uasset" 365
"../../../Engine/Content/EngineMaterials/PhAT_JointLimitMaterial.uasset" 366
"../../../Engine/Content/EngineMaterials/PreintegratedSkinBRDF.uasset" 367
"../../../Engine/Content/EngineMaterials/RemoveSurfaceMaterial.uasset" 368
"../../../Engine/Content/EngineMaterials/WeightMapPlaceholderTexture.uasset" 369
"../../../Engine/Content/EngineResources/WhiteSquareTexture.uasset" 370
"../../../Engine/Content/EngineMaterials/Widget3DPassThrough.uasset" 371
"../../../Engine/Content/EngineMaterials/Widget3DPassThrough_Masked.uasset" 372
"../../../Engine/Content/EngineMaterials/Widget3DPassThrough_Opaque.uasset" 373
"../../../Engine/Content/EngineMaterials/Widget3DPassThrough_Masked_OneSided.uasset" 374
"../../../Engine/Content/EngineMaterials/Widget3DPassThrough_Opaque_OneSided.uasset" 375
"../../../Engine/Content/EngineMaterials/Widget3DPassThrough_Translucent.uasset" 376
"../../../Engine/Content/EngineMaterials/Widget3DPassThrough_Translucent_OneSided.uasset" 377
"../../../Engine/Content/EngineMeshes/Cylinder.uasset" 378
"../../../Engine/Content/EngineMeshes/Sphere.uasset" 379
"../../../Engine/Content/EngineResources/Black.uasset" 380
"../../../Engine/Content/EngineResources/DefaultTexture.uasset" 381
"../../../Engine/Content/EngineResources/DefaultTextureCube.uasset" 382
"../../../Engine/Content/EngineResources/DefaultVolumeTexture2D.uasset" 383
"../../../Engine/Content/EngineResources/DefaultVolumeTexture.uasset" 384
"../../../Engine/Content/EngineResources/GradientTexture0.uasset" 385
"../../../Engine/Content/EngineSounds/Master.uasset" 386
"../../../Engine/Content/Functions/Engine_MaterialFunctions01/Shading/ConvertFromDiffSpec.uasset" 387
"../../../Engine/Content/Functions/Engine_MaterialFunctions01/Shading/PowerToRoughness.uasset" 388
"../../../Engine/Content/Maps/Templates/Thumbnails/Default.uasset" 389
"../../../Engine/Content/Maps/Templates/Thumbnails/VR-Basic.uasset" 390
"../../../Engine/Content/MobileResources/T_MobileControls_texture.uasset" 391
"../../../Engine/Content/MobileResources/T_MobileMenu2.uasset" 392
"../../../Engine/Content/MobileResources/HUD/AnalogHat.uasset" 393
"../../../Engine/Content/MobileResources/HUD/VirtualJoystick_Background.uasset" 394
"../../../Engine/Content/MobileResources/HUD/VirtualJoystick_Thumb.uasset" 395
"../../../Engine/Content/MobileResources/HUD/DefaultVirtualJoysticks.uasset" 396
"../../../Engine/Content/MobileResources/HUD/LeftVirtualJoystickOnly.uasset" 397
"../../../Engine/Content/MobileResources/HUD/MobileHUDButton1_off.uasset" 398
"../../../Engine/Content/MobileResources/HUD/MobileHUDButton1_on.uasset" 399
"../../../Engine/Content/MobileResources/HUD/MobileHUDButton2_off.uasset" 400
"../../../Engine/Content/MobileResources/HUD/MobileHUDButton2_on.uasset" 401
"../../../Engine/Content/MobileResources/HUD/MobileHUDButton3.uasset" 402
"../../../Engine/Content/MobileResources/HUD/MobileHUDButtonFire.uasset" 403
"../../../Engine/Content/MobileResources/HUD/MobileHUDDirectionPad.uasset" 404
"../../../Engine/Content/MobileResources/HUD/MobileHUDDirectionPad2.uasset" 405
"../../../Engine/Content/MobileResources/HUD/MobileHUDDirectionPad3.uasset" 406
"../../../Engine/Content/MobileResources/HUD/MobileHUDDirectionStick.uasset" 407
"../../../Engine/Content/MobileResources/HUD/T_Castle_ThumbstickInner.uasset" 408
"../../../Engine/Content/MobileResources/HUD/T_Castle_ThumbstickOutter.uasset" 409
"../../../Engine/Content/Tutorial/ContentIntroCurve.uasset" 410
"../../../Engine/Content/Tutorial/Basics/LevelEditorAttract.uasset" 411
"../../../Engine/Content/VREditor/LaserPointer/VR_LaserPower_01.uasset" 412
"../../../Engine/Content/VREditor/TransformGizmo/TransformGizmoMaterial.uasset" 413
"../../../Engine/Content/VREditor/TransformGizmo/TranslucentTransformGizmoMaterial.uasset" 414
"../../../Engine/Content/VREditor/TransformGizmo/BoundingBoxCorner.uasset" 415
"../../../Engine/Content/VREditor/TransformGizmo/BoundingBoxEdge.uasset" 416
"../../../Engine/Content/VREditor/TransformGizmo/PlaneTranslationHandle.uasset" 417
"../../../Engine/Content/VREditor/TransformGizmo/Main.uasset" 418
"../../../Engine/Content/VREditor/TransformGizmo/Xray.uasset" 419
"../../../Engine/Content/VREditor/TransformGizmo/SM_Sequencer_Key.uasset" 420
"../../../Engine/Content/VREditor/TransformGizmo/SM_Sequencer_Node.uasset" 421
"../../Plugins/2D/Paper2D/Content/PlaceholderTextures/DummySpriteTexture.uasset" 422
"../../Plugins/2D/Paper2D/Content/DummySprite.uasset" 423
"../../Plugins/2D/Paper2D/Content/DefaultPaperTerrainMaterial.uasset" 424
"../../Plugins/2D/Paper2D/Content/DummySpriteTexture.uasset" 425
"../../Plugins/2D/Paper2D/Content/DefaultSpriteMaterial.uasset" 426
"../../Plugins/2D/Paper2D/Content/MaskedUnlitSpriteMaterial.uasset" 427
"../../Plugins/2D/Paper2D/Content/OpaqueUnlitSpriteMaterial.uasset" 428
"../../Plugins/Runtime/Oculus/OculusVR/Content/OculusMR_RenderTarget.uasset" 429
"../../../Engine/Content/Functions/Engine_MaterialFunctions02/Utility/BreakOutFloat4Components.uasset" 430
"../../../Engine/Content/Functions/Engine_MaterialFunctions02/Utility/MakeFloat2.uasset" 431
"../../../Engine/Content/Functions/Engine_MaterialFunctions02/Utility/MakeFloat3.uasset" 432
"../../Plugins/Runtime/Oculus/OculusVR/Content/Materials/OculusMR_ChromaKey.uasset" 433
"../../Plugins/Runtime/Oculus/OculusVR/Content/Materials/OculusMR_ChromaKey_Lit.uasset" 434
"../../Plugins/Runtime/Oculus/OculusVR/Content/Materials/OculusMR_OpaqueColoredMaterial.uasset" 435
"../../Plugins/Runtime/Oculus/OculusVR/Content/Materials/OculusMR_WhiteMaterial.uasset" 436
"../../Plugins/Runtime/Oculus/OculusVR/Content/Materials/PokeAHoleMaterial.uasset" 437
"../../Plugins/Runtime/Oculus/OculusVR/Content/Textures/GearVRController_AO.uasset" 438
"../../Plugins/Runtime/Oculus/OculusVR/Content/Textures/GearVRController_Color.uasset" 439
"../../Plugins/Runtime/Oculus/OculusVR/Content/Textures/GearVRController_Normal.uasset" 440
"../../Plugins/Runtime/Oculus/OculusVR/Content/Materials/GearVRControllerMaterial.uasset" 441
"../../Plugins/Runtime/Oculus/OculusVR/Content/Meshes/GearVrController.uasset" 442
"../../Plugins/Runtime/Oculus/OculusVR/Content/Textures/touchController_albedo.uasset" 443
"../../Plugins/Runtime/Oculus/OculusVR/Content/Textures/touchController_controlmap.uasset" 444
"../../Plugins/Runtime/Oculus/OculusVR/Content/Materials/touchController_mat.uasset" 445
"../../Plugins/Runtime/Oculus/OculusVR/Content/Meshes/LeftTouchController.uasset" 446
"../../Plugins/Runtime/Oculus/OculusVR/Content/Meshes/RiftHMD.uasset" 447
"../../Plugins/Runtime/Oculus/OculusVR/Content/Meshes/RightTouchController.uasset" 448
"../../../../../../Github/ProyectoUnreal/UnrealProject/Content/StarterContent/Blueprints/Assets/FogBrightnessLUT.uasset" 449
"../../../../../../Github/ProyectoUnreal/UnrealProject/Content/StarterContent/Blueprints/Assets/SunlightColorLUT.uasset" 450
"../../../../../../Github/ProyectoUnreal/UnrealProject/Content/StarterContent/Blueprints/Assets/M_LightStage_Arrows.uasset" 451
"../../../Engine/Content/MapTemplates/Sky/DaylightAmbientCubemap.uasset" 452
"../../../../../../Github/ProyectoUnreal/UnrealProject/Content/StarterContent/Blueprints/Assets/M_LightStage_Skybox_Master.uasset" 453
"../../../../../../Github/ProyectoUnreal/UnrealProject/Content/StarterContent/Blueprints/Assets/M_LightStage_Skybox_Black.uasset" 454
"../../../../../../Github/ProyectoUnreal/UnrealProject/Content/StarterContent/Blueprints/Assets/M_LightStage_Skybox_HDRI.uasset" 455
"../../../Engine/Content/EditorMaterials/Thumbnails/SkySphereMaterial.uasset" 456
"../../../../../../Github/ProyectoUnreal/UnrealProject/Content/StarterContent/Blueprints/Assets/Skybox.uasset" 457
"../../../../../../Github/ProyectoUnreal/UnrealProject/Content/StarterContent/Blueprints/Assets/SM_Arrows.uasset" 458
"../../../../../../Github/ProyectoUnreal/UnrealProject/Content/StarterContent/HDRI/HDRI_Epic_Courtyard_Daylight.uasset" 459
"../../../../../../Github/ProyectoUnreal/UnrealProject/Content/StarterContent/Blueprints/BP_LightStudio.uasset" 460
"../../../../../../Github/ProyectoUnreal/UnrealProject/Content/StarterContent/Maps/Advanced_Lighting_BuiltData.uasset" 461
"../../../../../../Github/ProyectoUnreal/UnrealProject/Content/StarterContent/Materials/M_AssetPlatform.uasset" 462
"../../../Engine/Content/EditorMeshes/ColorCalibrator/M_ChromeBall.uasset" 463
"../../../Engine/Content/EditorMeshes/ColorCalibrator/M_ClearCoat.uasset" 464
"../../../Engine/Content/EditorMeshes/ColorCalibrator/M_ClearCoatBlack.uasset" 465
"../../../Engine/Content/EditorMeshes/ColorCalibrator/Color_checker.uasset" 466
"../../../Engine/Content/EditorMeshes/ColorCalibrator/M_ColorGrid.uasset" 467
"../../../Engine/Content/EditorMeshes/ColorCalibrator/M_GreyBall.uasset" 468
"../../../Engine/Content/EditorMeshes/ColorCalibrator/SM_ColorCalibrator.uasset" 469
"../../../../../../Github/ProyectoUnreal/UnrealProject/Content/StarterContent/Architecture/SM_AssetPlatform.uasset" 470
"../../../../../../Github/ProyectoUnreal/UnrealProject/Content/StarterContent/Maps/Advanced_Lighting.umap" 471
"../../../Engine/Content/EngineSky/C_Sky_Cloud_Color.uasset" 472
"../../../Engine/Content/EngineSky/C_Sky_Horizon_Color.uasset" 473
"../../../Engine/Content/EngineSky/C_Sky_Zenith_Color.uasset" 474
"../../../Engine/Content/EngineSky/T_Sky_Blue.uasset" 475
"../../../Engine/Content/EngineSky/T_Sky_Clouds_M.uasset" 476
"../../../Engine/Content/EngineSky/T_Sky_Stars.uasset" 477
"../../../Engine/Content/EngineSky/M_Sky_Panning_Clouds2.uasset" 478
"../../../Engine/Content/EngineSky/SM_SkySphere.uasset" 479
"../../../Engine/Content/EngineSky/BP_Sky_Sphere.uasset" 480
"../../../../../../Github/ProyectoUnreal/UnrealProject/Content/StarterContent/Maps/Minimal_Default_BuiltData.uasset" 481
"../../../../../../Github/ProyectoUnreal/UnrealProject/Content/StarterContent/Textures/T_MacroVariation.uasset" 482
"../../../../../../Github/ProyectoUnreal/UnrealProject/Content/StarterContent/Materials/M_Metal_Brushed_Nickel.uasset" 483
"../../../../../../Github/ProyectoUnreal/UnrealProject/Content/StarterContent/Textures/T_Metal_Aluminum_D.uasset" 484
"../../../../../../Github/ProyectoUnreal/UnrealProject/Content/StarterContent/Textures/T_Metal_Gold_N.uasset" 485
"../../../../../../Github/ProyectoUnreal/UnrealProject/Content/StarterContent/Materials/M_Metal_Burnished_Steel.uasset" 486
"../../../../../../Github/ProyectoUnreal/UnrealProject/Content/StarterContent/Textures/T_Metal_Copper_D.uasset" 487
"../../../../../../Github/ProyectoUnreal/UnrealProject/Content/StarterContent/Materials/M_Metal_Copper.uasset" 488
"../../../../../../Github/ProyectoUnreal/UnrealProject/Content/StarterContent/Textures/T_Statue_M.uasset" 489
"../../../../../../Github/ProyectoUnreal/UnrealProject/Content/StarterContent/Textures/T_Statue_N.uasset" 490
"../../../../../../Github/ProyectoUnreal/UnrealProject/Content/StarterContent/Props/Materials/M_StatueGlass.uasset" 491
"../../../../../../Github/ProyectoUnreal/UnrealProject/Content/StarterContent/Architecture/Floor_400x400.uasset" 492
"../../../../../../Github/ProyectoUnreal/UnrealProject/Content/StarterContent/Audio/Starter_Background_Cue.uasset" 493
"../../../../../../Github/ProyectoUnreal/UnrealProject/Content/StarterContent/Props/SM_Chair.uasset" 494
"../../../../../../Github/ProyectoUnreal/UnrealProject/Content/StarterContent/Props/Materials/M_Statue.uasset" 495
"../../../../../../Github/ProyectoUnreal/UnrealProject/Content/StarterContent/Props/SM_Statue.uasset" 496
"../../../../../../Github/ProyectoUnreal/UnrealProject/Content/StarterContent/Textures/T_TableRound_M.uasset" 497
"../../../../../../Github/ProyectoUnreal/UnrealProject/Content/StarterContent/Textures/T_TableRound_N.uasset" 498
"../../../../../../Github/ProyectoUnreal/UnrealProject/Content/StarterContent/Props/Materials/M_TableRound.uasset" 499
"../../../../../../Github/ProyectoUnreal/UnrealProject/Content/StarterContent/Props/SM_TableRound.uasset" 500
"../../../../../../Github/ProyectoUnreal/UnrealProject/Content/StarterContent/Maps/Minimal_Default.umap" 501
"../../../../../../Github/ProyectoUnreal/UnrealProject/Content/StarterContent/Audio/Fire01_Cue.uasset" 502
"../../../../../../Github/ProyectoUnreal/UnrealProject/Content/StarterContent/Textures/T_Fire_SubUV.uasset" 503
"../../../../../../Github/ProyectoUnreal/UnrealProject/Content/StarterContent/Textures/T_Fire_Tiled_D.uasset" 504
"../../../../../../Github/ProyectoUnreal/UnrealProject/Content/StarterContent/Particles/Materials/M_Fire_SubUV.uasset" 505
"../../../../../../Github/ProyectoUnreal/UnrealProject/Content/StarterContent/Textures/T_Water_N.uasset" 506
"../../../../../../Github/ProyectoUnreal/UnrealProject/Content/StarterContent/Particles/Materials/M_Heat_Distortion.uasset" 507
"../../../../../../Github/ProyectoUnreal/UnrealProject/Content/StarterContent/Particles/Materials/M_Radial_Gradient.uasset" 508
"../../../../../../Github/ProyectoUnreal/UnrealProject/Content/StarterContent/Particles/P_Fire.uasset" 509
"../../../../../../Github/ProyectoUnreal/UnrealProject/Content/StarterContent/Blueprints/Blueprint_Effect_Fire.uasset" 510
"../../../../../../Github/ProyectoUnreal/UnrealProject/Content/StarterContent/Audio/Smoke01_Cue.uasset" 511
"../../../../../../Github/ProyectoUnreal/UnrealProject/Content/StarterContent/Particles/P_Smoke.uasset" 512
"../../../../../../Github/ProyectoUnreal/UnrealProject/Content/StarterContent/Blueprints/Blueprint_Effect_Smoke.uasset" 513
"../../../../../../Github/ProyectoUnreal/UnrealProject/Content/StarterContent/Audio/Fire_Sparks01_Cue.uasset" 514
"../../../../../../Github/ProyectoUnreal/UnrealProject/Content/StarterContent/Textures/T_Spark_Core.uasset" 515
"../../../../../../Github/ProyectoUnreal/UnrealProject/Content/StarterContent/Particles/Materials/M_Spark.uasset" 516
"../../../../../../Github/ProyectoUnreal/UnrealProject/Content/StarterContent/Particles/P_Sparks.uasset" 517
"../../../../../../Github/ProyectoUnreal/UnrealProject/Content/StarterContent/Blueprints/Blueprint_Effect_Sparks.uasset" 518
"../../../../../../Github/ProyectoUnreal/UnrealProject/Content/StarterContent/Audio/Steam01_Cue.uasset" 519
"../../../../../../Github/ProyectoUnreal/UnrealProject/Content/StarterContent/Particles/P_Steam_Lit.uasset" 520
"../../../../../../Github/ProyectoUnreal/UnrealProject/Content/StarterContent/Blueprints/Blueprint_Effect_Steam.uasset" 521
"../../../../../../Github/ProyectoUnreal/UnrealProject/Content/StarterContent/Textures/T_Lamp_M.uasset" 522
"../../../../../../Github/ProyectoUnreal/UnrealProject/Content/StarterContent/Textures/T_Lamp_N.uasset" 523
"../../../../../../Github/ProyectoUnreal/UnrealProject/Content/StarterContent/Props/Materials/M_Lamp.uasset" 524
"../../../../../../Github/ProyectoUnreal/UnrealProject/Content/StarterContent/Props/SM_Lamp_Ceiling.uasset" 525
"../../../../../../Github/ProyectoUnreal/UnrealProject/Content/StarterContent/Blueprints/Blueprint_CeilingLight.uasset" 526
"../../../../../../Github/ProyectoUnreal/UnrealProject/Content/StarterContent/Props/SM_Lamp_Wall.uasset" 527
"../../../../../../Github/ProyectoUnreal/UnrealProject/Content/StarterContent/Blueprints/Blueprint_WallSconce.uasset" 528
"../../../../../../Github/ProyectoUnreal/UnrealProject/Content/StarterContent/Maps/StarterMap_BuiltData.uasset" 529
"../../../Engine/Content/Functions/Engine_MaterialFunctions03/Procedurals/ComputeFilterWidth.uasset" 530
"../../../Engine/Content/EngineMaterials/AntiAliasedTextMaterialTranslucent.uasset" 531
"../../../../../../Github/ProyectoUnreal/UnrealProject/Content/StarterContent/Textures/T_Brick_Clay_Beveled_D.uasset" 532
"../../../../../../Github/ProyectoUnreal/UnrealProject/Content/StarterContent/Textures/T_Brick_Clay_Beveled_M.uasset" 533
"../../../../../../Github/ProyectoUnreal/UnrealProject/Content/StarterContent/Textures/T_Brick_Clay_Beveled_N.uasset" 534
"../../../../../../Github/ProyectoUnreal/UnrealProject/Content/StarterContent/Materials/M_Brick_Clay_Beveled.uasset" 535
"../../../../../../Github/ProyectoUnreal/UnrealProject/Content/StarterContent/Textures/T_Brick_Clay_New_D.uasset" 536
"../../../../../../Github/ProyectoUnreal/UnrealProject/Content/StarterContent/Textures/T_Brick_Clay_New_M.uasset" 537
"../../../../../../Github/ProyectoUnreal/UnrealProject/Content/StarterContent/Textures/T_Brick_Clay_New_N.uasset" 538
"../../../../../../Github/ProyectoUnreal/UnrealProject/Content/StarterContent/Materials/M_Brick_Clay_New.uasset" 539
"../../../../../../Github/ProyectoUnreal/UnrealProject/Content/StarterContent/Textures/T_Brick_Clay_Old_D.uasset" 540
"../../../../../../Github/ProyectoUnreal/UnrealProject/Content/StarterContent/Textures/T_Brick_Clay_Old_N.uasset" 541
"../../../../../../Github/ProyectoUnreal/UnrealProject/Content/StarterContent/Textures/T_Perlin_Noise_M.uasset" 542
"../../../../../../Github/ProyectoUnreal/UnrealProject/Content/StarterContent/Materials/M_Brick_Clay_Old.uasset" 543
"../../../../../../Github/ProyectoUnreal/UnrealProject/Content/StarterContent/Textures/T_Brick_Cut_Stone_D.uasset" 544
"../../../../../../Github/ProyectoUnreal/UnrealProject/Content/StarterContent/Textures/T_Brick_Cut_Stone_N.uasset" 545
"../../../../../../Github/ProyectoUnreal/UnrealProject/Content/StarterContent/Materials/M_Brick_Cut_Stone.uasset" 546
"../../../../../../Github/ProyectoUnreal/UnrealProject/Content/StarterContent/Textures/T_Brick_Hewn_Stone_D.uasset" 547
"../../../../../../Github/ProyectoUnreal/UnrealProject/Content/StarterContent/Textures/T_Brick_Hewn_Stone_M.uasset" 548
"../../../../../../Github/ProyectoUnreal/UnrealProject/Content/StarterContent/Textures/T_Brick_Hewn_Stone_N.uasset" 549
"../../../../../../Github/ProyectoUnreal/UnrealProject/Content/StarterContent/Materials/M_Brick_Hewn_Stone.uasset" 550
"../../../../../../Github/ProyectoUnreal/UnrealProject/Content/StarterContent/Textures/T_Ceramic_Tile_M.uasset" 551
"../../../../../../Github/ProyectoUnreal/UnrealProject/Content/StarterContent/Textures/T_Ceramic_Tile_N.uasset" 552
"../../../../../../Github/ProyectoUnreal/UnrealProject/Content/StarterContent/Textures/T_Rock_Marble_Polished_D.uasset" 553
"../../../../../../Github/ProyectoUnreal/UnrealProject/Content/StarterContent/Materials/M_Ceramic_Tile_Checker.uasset" 554
"../../../../../../Github/ProyectoUnreal/UnrealProject/Content/StarterContent/Textures/T_CobbleStone_Pebble_D.uasset" 555
"../../../../../../Github/ProyectoUnreal/UnrealProject/Content/StarterContent/Textures/T_CobbleStone_Pebble_M.uasset" 556
"../../../../../../Github/ProyectoUnreal/UnrealProject/Content/StarterContent/Textures/T_CobbleStone_Pebble_N.uasset" 557
"../../../../../../Github/ProyectoUnreal/UnrealProject/Content/StarterContent/Materials/M_CobbleStone_Pebble.uasset" 558
"../../../../../../Github/ProyectoUnreal/UnrealProject/Content/StarterContent/Textures/T_CobbleStone_Rough_D.uasset" 559
"../../../../../../Github/ProyectoUnreal/UnrealProject/Content/StarterContent/Textures/T_CobbleStone_Rough_N.uasset" 560
"../../../../../../Github/ProyectoUnreal/UnrealProject/Content/StarterContent/Textures/T_Gradinet_01.uasset" 561
"../../../../../../Github/ProyectoUnreal/UnrealProject/Content/StarterContent/Textures/T_Rock_Smooth_Granite_D.uasset" 562
"../../../../../../Github/ProyectoUnreal/UnrealProject/Content/StarterContent/Materials/M_CobbleStone_Rough.uasset" 563
"../../../../../../Github/ProyectoUnreal/UnrealProject/Content/StarterContent/Textures/T_CobbleStone_Smooth_D.uasset" 564
"../../../../../../Github/ProyectoUnreal/UnrealProject/Content/StarterContent/Textures/T_CobbleStone_Smooth_M.uasset" 565
"../../../../../../Github/ProyectoUnreal/UnrealProject/Content/StarterContent/Textures/T_CobbleStone_Smooth_N.uasset" 566
"../../../../../../Github/ProyectoUnreal/UnrealProject/Content/StarterContent/Materials/M_CobbleStone_Smooth.uasset" 567
"../../../../../../Github/ProyectoUnreal/UnrealProject/Content/StarterContent/Textures/T_Concrete_Grime_D.uasset" 568
"../../../../../../Github/ProyectoUnreal/UnrealProject/Content/StarterContent/Textures/T_Metal_Rust_N.uasset" 569
"../../../../../../Github/ProyectoUnreal/UnrealProject/Content/StarterContent/Materials/M_Concrete_Grime.uasset" 570
"../../../../../../Github/ProyectoUnreal/UnrealProject/Content/StarterContent/Textures/T_Concrete_Panels_D.uasset" 571
"../../../../../../Github/ProyectoUnreal/UnrealProject/Content/StarterContent/Textures/T_Concrete_Panels_N.uasset" 572
"../../../../../../Github/ProyectoUnreal/UnrealProject/Content/StarterContent/Materials/M_Concrete_Panels.uasset" 573
"../../../../../../Github/ProyectoUnreal/UnrealProject/Content/StarterContent/Textures/T_Concrete_Poured_D.uasset" 574
"../../../../../../Github/ProyectoUnreal/UnrealProject/Content/StarterContent/Textures/T_Concrete_Poured_N.uasset" 575
"../../../../../../Github/ProyectoUnreal/UnrealProject/Content/StarterContent/Materials/M_Concrete_Poured.uasset" 576
"../../../../../../Github/ProyectoUnreal/UnrealProject/Content/StarterContent/Textures/T_Concrete_Tiles_D.uasset" 577
"../../../../../../Github/ProyectoUnreal/UnrealProject/Content/StarterContent/Textures/T_Concrete_Tiles_M.uasset" 578
"../../../../../../Github/ProyectoUnreal/UnrealProject/Content/StarterContent/Textures/T_Concrete_Tiles_N.uasset" 579
"../../../../../../Github/ProyectoUnreal/UnrealProject/Content/StarterContent/Textures/T_Concrete_Tiles_Variation_M.uasset" 580
"../../../../../../Github/ProyectoUnreal/UnrealProject/Content/StarterContent/Materials/M_Concrete_Tiles.uasset" 581
"../../../../../../Github/ProyectoUnreal/UnrealProject/Content/StarterContent/Textures/T_Ground_Grass_D.uasset" 582
"../../../../../../Github/ProyectoUnreal/UnrealProject/Content/StarterContent/Textures/T_Ground_Grass_N.uasset" 583
"../../../../../../Github/ProyectoUnreal/UnrealProject/Content/StarterContent/Materials/M_Ground_Grass.uasset" 584
"../../../../../../Github/ProyectoUnreal/UnrealProject/Content/StarterContent/Textures/T_Ground_Gravel_D.uasset" 585
"../../../../../../Github/ProyectoUnreal/UnrealProject/Content/StarterContent/Textures/T_Ground_Gravel_N.uasset" 586
"../../../../../../Github/ProyectoUnreal/UnrealProject/Content/StarterContent/Materials/M_Ground_Gravel.uasset" 587
"../../../../../../Github/ProyectoUnreal/UnrealProject/Content/StarterContent/Textures/T_ground_Moss_D.uasset" 588
"../../../../../../Github/ProyectoUnreal/UnrealProject/Content/StarterContent/Textures/T_Ground_Moss_N.uasset" 589
"../../../../../../Github/ProyectoUnreal/UnrealProject/Content/StarterContent/Materials/M_Ground_Moss.uasset" 590
"../../../../../../Github/ProyectoUnreal/UnrealProject/Content/StarterContent/Materials/M_Metal_Chrome.uasset" 591
"../../../../../../Github/ProyectoUnreal/UnrealProject/Content/StarterContent/Textures/T_Metal_Gold_D.uasset" 592
"../../../../../../Github/ProyectoUnreal/UnrealProject/Content/StarterContent/Materials/M_Metal_Gold.uasset" 593
"../../../../../../Github/ProyectoUnreal/UnrealProject/Content/StarterContent/Textures/T_Metal_Rust_D.uasset" 594
"../../../../../../Github/ProyectoUnreal/UnrealProject/Content/StarterContent/Materials/M_Metal_Rust.uasset" 595
"../../../../../../Github/ProyectoUnreal/UnrealProject/Content/StarterContent/Textures/T_Metal_Steel_D.uasset" 596
"../../../../../../Github/ProyectoUnreal/UnrealProject/Content/StarterContent/Textures/T_Metal_Steel_N.uasset" 597
"../../../../../../Github/ProyectoUnreal/UnrealProject/Content/StarterContent/Materials/M_Metal_Steel.uasset" 598
"../../../../../../Github/ProyectoUnreal/UnrealProject/Content/StarterContent/Textures/T_Rock_Basalt_N.uasset" 599
"../../../../../../Github/ProyectoUnreal/UnrealProject/Content/StarterContent/Materials/M_Rock_Basalt.uasset" 600
"../../../../../../Github/ProyectoUnreal/UnrealProject/Content/StarterContent/Materials/M_Rock_Marble_Polished.uasset" 601
"../../../../../../Github/ProyectoUnreal/UnrealProject/Content/StarterContent/Textures/T_Rock_Sandstone_D.uasset" 602
"../../../../../../Github/ProyectoUnreal/UnrealProject/Content/StarterContent/Textures/T_Rock_Sandstone_N.uasset" 603
"../../../../../../Github/ProyectoUnreal/UnrealProject/Content/StarterContent/Materials/M_Rock_Sandstone.uasset" 604
"../../../../../../Github/ProyectoUnreal/UnrealProject/Content/StarterContent/Textures/T_Rock_Slate_D.uasset" 605
"../../../../../../Github/ProyectoUnreal/UnrealProject/Content/StarterContent/Textures/T_Rock_Slate_N.uasset" 606
"../../../../../../Github/ProyectoUnreal/UnrealProject/Content/StarterContent/Materials/M_Rock_Slate.uasset" 607
"../../../../../../Github/ProyectoUnreal/UnrealProject/Content/StarterContent/Textures/T_Checker_Noise_M.uasset" 608
"../../../../../../Github/ProyectoUnreal/UnrealProject/Content/StarterContent/Textures/T_Single_Tile_N.uasset" 609
"../../../../../../Github/ProyectoUnreal/UnrealProject/Content/StarterContent/Textures/T_Tech_Dot_M.uasset" 610
"../../../../../../Github/ProyectoUnreal/UnrealProject/Content/StarterContent/Textures/T_Tech_Dot_N.uasset" 611
"../../../../../../Github/ProyectoUnreal/UnrealProject/Content/StarterContent/Materials/M_Tech_Checker_Dot.uasset" 612
"../../../../../../Github/ProyectoUnreal/UnrealProject/Content/StarterContent/Textures/T_Tech_Hex_Tile_M.uasset" 613
"../../../../../../Github/ProyectoUnreal/UnrealProject/Content/StarterContent/Textures/T_Tech_Hex_Tile_N.uasset" 614
"../../../../../../Github/ProyectoUnreal/UnrealProject/Content/StarterContent/Materials/M_Tech_Hex_Tile.uasset" 615
"../../../../../../Github/ProyectoUnreal/UnrealProject/Content/StarterContent/Materials/M_Tech_Hex_Tile_Pulse.uasset" 616
"../../../../../../Github/ProyectoUnreal/UnrealProject/Content/StarterContent/Textures/T_Tech_Panel_M.uasset" 617
"../../../../../../Github/ProyectoUnreal/UnrealProject/Content/StarterContent/Textures/T_Tech_Panel_N.uasset" 618
"../../../../../../Github/ProyectoUnreal/UnrealProject/Content/StarterContent/Materials/M_Tech_Panel.uasset" 619
"../../../../../../Github/ProyectoUnreal/UnrealProject/Content/StarterContent/Materials/M_Water_Lake.uasset" 620
"../../../../../../Github/ProyectoUnreal/UnrealProject/Content/StarterContent/Textures/T_Water_M.uasset" 621
"../../../../../../Github/ProyectoUnreal/UnrealProject/Content/StarterContent/Materials/M_Water_Ocean.uasset" 622
"../../../../../../Github/ProyectoUnreal/UnrealProject/Content/StarterContent/Textures/T_Wood_Floor_Walnut_D.uasset" 623
"../../../../../../Github/ProyectoUnreal/UnrealProject/Content/StarterContent/Textures/T_Wood_Floor_Walnut_M.uasset" 624
"../../../../../../Github/ProyectoUnreal/UnrealProject/Content/StarterContent/Textures/T_Wood_Floor_Walnut_N.uasset" 625
"../../../../../../Github/ProyectoUnreal/UnrealProject/Content/StarterContent/Materials/M_Wood_Floor_Walnut_Polished.uasset" 626
"../../../Engine/Content/Functions/Engine_MaterialFunctions01/Opacity/AlphaOffset.uasset" 627
"../../../../../../Github/ProyectoUnreal/UnrealProject/Content/StarterContent/Materials/M_Wood_Floor_Walnut_Worn.uasset" 628
"../../../../../../Github/ProyectoUnreal/UnrealProject/Content/StarterContent/Textures/T_Wood_Oak_D.uasset" 629
"../../../../../../Github/ProyectoUnreal/UnrealProject/Content/StarterContent/Textures/T_Wood_Oak_N.uasset" 630
"../../../../../../Github/ProyectoUnreal/UnrealProject/Content/StarterContent/Materials/M_Wood_Oak.uasset" 631
"../../../../../../Github/ProyectoUnreal/UnrealProject/Content/StarterContent/Textures/T_Wood_Pine_D.uasset" 632
"../../../../../../Github/ProyectoUnreal/UnrealProject/Content/StarterContent/Textures/T_Wood_Pine_N.uasset" 633
"../../../../../../Github/ProyectoUnreal/UnrealProject/Content/StarterContent/Materials/M_Wood_Pine.uasset" 634
"../../../../../../Github/ProyectoUnreal/UnrealProject/Content/StarterContent/Textures/T_Wood_Walnut_D.uasset" 635
"../../../../../../Github/ProyectoUnreal/UnrealProject/Content/StarterContent/Textures/T_Wood_Walnut_N.uasset" 636
"../../../../../../Github/ProyectoUnreal/UnrealProject/Content/StarterContent/Materials/M_Wood_Walnut.uasset" 637
"../../../../../../Github/ProyectoUnreal/UnrealProject/Content/StarterContent/Architecture/Wall_400x200.uasset" 638
"../../../../../../Github/ProyectoUnreal/UnrealProject/Content/StarterContent/Architecture/Wall_Door_400x300.uasset" 639
"../../../../../../Github/ProyectoUnreal/UnrealProject/Content/StarterContent/Architecture/Wall_Window_400x300.uasset" 640
"../../../../../../Github/ProyectoUnreal/UnrealProject/Content/StarterContent/Audio/Collapse_Cue.uasset" 641
"../../../../../../Github/ProyectoUnreal/UnrealProject/Content/StarterContent/Audio/Starter_Music_Cue.uasset" 642
"../../../../../../Github/ProyectoUnreal/UnrealProject/Content/StarterContent/Textures/T_Dust_Particle_D.uasset" 643
"../../../../../../Github/ProyectoUnreal/UnrealProject/Content/StarterContent/Particles/Materials/M_Dust_Particle.uasset" 644
"../../../../../../Github/ProyectoUnreal/UnrealProject/Content/StarterContent/Particles/P_Ambient_Dust.uasset" 645
"../../../../../../Github/ProyectoUnreal/UnrealProject/Content/StarterContent/Props/MaterialSphere.uasset" 646
"../../../../../../Github/ProyectoUnreal/UnrealProject/Content/StarterContent/Textures/T_Frame_M.uasset" 647
"../../../../../../Github/ProyectoUnreal/UnrealProject/Content/StarterContent/Textures/T_Frame_N.uasset" 648
"../../../../../../Github/ProyectoUnreal/UnrealProject/Content/StarterContent/Props/Materials/M_Frame.uasset" 649
"../../../../../../Github/ProyectoUnreal/UnrealProject/Content/StarterContent/Props/SM_CornerFrame.uasset" 650
"../../../../../../Github/ProyectoUnreal/UnrealProject/Content/StarterContent/Props/SM_DoorFrame.uasset" 651
"../../../../../../Github/ProyectoUnreal/UnrealProject/Content/StarterContent/Props/SM_GlassWindow.uasset" 652
"../../../../../../Github/ProyectoUnreal/UnrealProject/Content/StarterContent/Props/SM_PillarFrame.uasset" 653
"../../../../../../Github/ProyectoUnreal/UnrealProject/Content/StarterContent/Props/SM_PillarFrame300.uasset" 654
"../../../../../../Github/ProyectoUnreal/UnrealProject/Content/StarterContent/Props/SM_WindowFrame.uasset" 655
"../../../../../../Github/ProyectoUnreal/UnrealProject/Content/StarterContent/Shapes/Shape_Cube.uasset" 656
"../../../../../../Github/ProyectoUnreal/UnrealProject/Content/StarterContent/Shapes/Shape_QuadPyramid.uasset" 657
"../../../../../../Github/ProyectoUnreal/UnrealProject/Content/StarterContent/Shapes/Shape_Sphere.uasset" 658
"../../../../../../Github/ProyectoUnreal/UnrealProject/Content/StarterContent/Maps/StarterMap.umap" 659
"../../../../../../Github/ProyectoUnreal/UnrealProject/Content/TopDownBP/Blueprints/Textures/Ice_pack/Reality_Check_DEMO.uasset" 660
"../../../../../../Github/ProyectoUnreal/UnrealProject/Content/TopDownBP/Blueprints/Textures/Ice_pack/Reality_Check_DEMO_Font.uasset" 661
"../../../../../../Github/ProyectoUnreal/UnrealProject/Content/TopDownBP/Blueprints/Textures/Ice_pack/13.uasset" 662
"../../../../../../Github/ProyectoUnreal/UnrealProject/Content/TopDownBP/Blueprints/Textures/Ice_pack/4.uasset" 663
"../../../../../../Github/ProyectoUnreal/UnrealProject/Content/TopDownBP/Blueprints/Textures/Ice_pack/5.uasset" 664
"../../../../../../Github/ProyectoUnreal/UnrealProject/Content/TopDownBP/Blueprints/Textures/Ice_pack/6.uasset" 665
"../../../../../../Github/ProyectoUnreal/UnrealProject/Content/TopDownBP/Blueprints/Textures/penguin-logo.uasset" 666
"../../../../../../Github/ProyectoUnreal/UnrealProject/Content/TopDownBP/Blueprints/Default/MainMenu.uasset" 667
"../../../../../../Github/ProyectoUnreal/UnrealProject/Content/TopDownBP/Maps/MainMenu.umap" 668
"../../../../../../Github/ProyectoUnreal/UnrealProject/Content/TopDownBP/Blueprints/DayCycleLogic/Custom_SkySphere.uasset" 669
"../../../../../../Github/ProyectoUnreal/UnrealProject/Content/TopDownBP/Blueprints/Models/Sample/WorldGridMaterial.uasset" 670
"../../../../../../Github/ProyectoUnreal/UnrealProject/Content/StarterContent/Materials/M_Water_Ocean1.uasset" 671
"../../../../../../Github/ProyectoUnreal/UnrealProject/Content/StarterContent/Materials/M_Water_Ocean1_Inst.uasset" 672
"../../../Engine/Content/BasicShapes/Plane.uasset" 673
"../../../../../../Github/ProyectoUnreal/UnrealProject/Content/TopDownBP/Blueprints/Models/LowPoly_WinterScene/LowPoly_WinterScene_Dead_Branch_04.uasset" 674
"../../../../../../Github/ProyectoUnreal/UnrealProject/Content/TopDownBP/Blueprints/Models/LowPoly_WinterScene/LowPoly_WinterScene_Rock_01.uasset" 675
"../../../../../../Github/ProyectoUnreal/UnrealProject/Content/TopDownBP/Blueprints/Models/LowPoly_WinterScene/LowPoly_WinterScene_Rock_02.uasset" 676
"../../../../../../Github/ProyectoUnreal/UnrealProject/Content/TopDownBP/Blueprints/Models/LowPoly_WinterScene/LowPoly_WinterScene_Rock_03.uasset" 677
"../../../../../../Github/ProyectoUnreal/UnrealProject/Content/TopDownBP/Blueprints/Models/LowPoly_WinterScene/LowPoly_WinterScene_Rock_04.uasset" 678
"../../../../../../Github/ProyectoUnreal/UnrealProject/Content/TopDownBP/Blueprints/Models/LowPoly_WinterScene/LowPoly_WinterScene_Rock_06.uasset" 679
"../../../../../../Github/ProyectoUnreal/UnrealProject/Content/TopDownBP/Blueprints/Models/LowPoly_WinterScene/LowPoly_WinterScene_Rock_07.uasset" 680
"../../../../../../Github/ProyectoUnreal/UnrealProject/Content/TopDownBP/Blueprints/Models/LowPoly_WinterScene/LowPoly_WinterScene_Snowmen.uasset" 681
"../../../../../../Github/ProyectoUnreal/UnrealProject/Content/TopDownBP/Blueprints/Models/Sample/M_Cave_Landscape_Master.uasset" 682
"../../../../../../Github/ProyectoUnreal/UnrealProject/Content/TopDownBP/Blueprints/Models/Sample/S_GDC_Landscape_Peakmesh_01.uasset" 683
"../../../../../../Github/ProyectoUnreal/UnrealProject/Content/TopDownBP/Blueprints/Models/Sample/M_Cave_Rock_Slate_Inst.uasset" 684
"../../../../../../Github/ProyectoUnreal/UnrealProject/Content/TopDownBP/Blueprints/Models/Sample/SM_Cave_Rock_Slate_01a.uasset" 685
"../../../../../../Github/ProyectoUnreal/UnrealProject/Content/TopDownBP/Blueprints/Models/Sample/SM_Cave_SnowDrift_01a.uasset" 686
"../../../../../../Github/ProyectoUnreal/UnrealProject/Content/TopDownBP/Blueprints/Models/Sample/M_Cave_SimpleSnow.uasset" 687
"../../../../../../Github/ProyectoUnreal/UnrealProject/Content/TopDownBP/Blueprints/Models/Sample/SM_Cave_SnowDrift_01b.uasset" 688
"../../../../../../Github/ProyectoUnreal/UnrealProject/Content/TopDownBP/Maps/Tutorial.umap" 689
"../../../Engine/Content/Maps/Entry_BuiltData.uasset" 690
"../../../Engine/Content/Maps/Entry.umap" 691
